Arguments: 
  /usr/local/bin/node /mnt/c/Users/Jaime Nufio/AppData/Roaming/npm/node_modules/yarn/bin/yarn.js add discord..js

PATH: 
  /home/nufio/.vscode-server/bin/d045a5eda657f4d7b676dedbfa7aab8207f8a075/bin/remote-cli:/usr/local/sbin:/usr/local/bin:/usr/sbin:/usr/bin:/sbin:/bin:/usr/games:/usr/local/games:/usr/lib/wsl/lib:/mnt/c/Program Files/Common Files/Oracle/Java/javapath:/mnt/c/Program Files (x86)/Common Files/Oracle/Java/javapath:/mnt/c/Program Files (x86)/Common Files/Intel/Shared Libraries/redist/intel64/compiler:/mnt/c/Program Files/AdoptOpenJDK/jdk-8.0.292.10-hotspot/bin:/mnt/c/WINDOWS/system32:/mnt/c/WINDOWS:/mnt/c/WINDOWS/System32/Wbem:/mnt/c/WINDOWS/System32/WindowsPowerShell/v1.0/:/mnt/c/WINDOWS/System32/OpenSSH/:/mnt/c/Program Files (x86)/NVIDIA Corporation/PhysX/Common:/mnt/c/Program Files/NVIDIA Corporation/NVIDIA NvDLISR:/mnt/c/Program Files/PuTTY/:/mnt/c/Program Files/Microsoft VS Code/bin:/mnt/c/Program Files/Git/cmd:/mnt/c/Program Files/Inkscape/bin:/mnt/c/Users/Jaime Nufio/AppData/Roaming/nvm:/mnt/c/Program Files/nodejs:/mnt/c/Program Files (x86)/Bluetooth Command Line Tools/bin:/mnt/c/Program Files/dotnet/:/mnt/c/Program Files/Docker/Docker/resources/bin:/mnt/c/ProgramData/DockerDesktop/version-bin:/mnt/c/Program Files/Mullvad VPN/resources:/mnt/c/Users/Jaime Nufio/AppData/Local/Microsoft/WindowsApps:/mnt/c/Users/Jaime Nufio/AppData/Local/GitHubDesktop/bin:/mnt/c/Users/Jaime Nufio/AppData/Roaming/npm:/mnt/c/Program Files/PostgreSQL/14/bin:/mnt/c/Program Files/PostgreSQL/14/lib:/mnt/c/Program Files (x86)/Nmap:/mnt/c/kafka_2.12-2.0.0/bin/windows:/mnt/c/Program Files/PostgreSQL/14/bin:/mnt/c/Users/Jaime Nufio/AppData/Local/Programs/EmEditor:/mnt/c/Program Files/JetBrains/PyCharm 2022.1.1/bin:/mnt/c/Program Files/JetBrains/PyCharm Community Edition 2022.1.3/bin:/snap/bin

Yarn version: 
  1.22.17

Node version: 
  16.18.0

Platform: 
  linux x64

Trace: 
  Error: https://registry.yarnpkg.com/discord..js: Not found
      at Request.params.callback [as _callback] (/mnt/c/Users/Jaime Nufio/AppData/Roaming/npm/node_modules/yarn/lib/cli.js:67029:18)
      at Request.self.callback (/mnt/c/Users/Jaime Nufio/AppData/Roaming/npm/node_modules/yarn/lib/cli.js:140883:22)
      at Request.emit (node:events:513:28)
      at Request.<anonymous> (/mnt/c/Users/Jaime Nufio/AppData/Roaming/npm/node_modules/yarn/lib/cli.js:141855:10)
      at Request.emit (node:events:513:28)
      at IncomingMessage.<anonymous> (/mnt/c/Users/Jaime Nufio/AppData/Roaming/npm/node_modules/yarn/lib/cli.js:141777:12)
      at Object.onceWrapper (node:events:627:28)
      at IncomingMessage.emit (node:events:525:35)
      at endReadableNT (node:internal/streams/readable:1358:12)
      at processTicksAndRejections (node:internal/process/task_queues:83:21)

npm manifest: 
  {
    "name": "chiquita",
    "version": "1.0.0",
    "description": "Discord utility bot",
    "main": "index.js",
    "repository": "https://github.com/JaimeNufio/chiquita",
    "author": "Jaime Nufio",
    "license": "MIT",
    "private": false,
    "dependencies": {}
  }

yarn manifest: 
  No manifest

Lockfile: 
  # THIS IS AN AUTOGENERATED FILE. DO NOT EDIT THIS FILE DIRECTLY.
  # yarn lockfile v1
